<?xml version="1.0" encoding="UTF-8"?>
<!-- Generated by org.testng.reporters.JUnitXMLReporter -->
<testsuite hostname="DLLB0013" name="Random Test" tests="6" failures="0" timestamp="19 Jun 2018 14:18:22 GMT" time="0.055" errors="0">
  <testcase name="testCase1" time="0.006" classname="com.framework.tests.TestNgSequence3"/>
  <testcase name="testCase3" time="0.001" classname="com.framework.tests.TestNgSequence3"/>
  <testcase name="test0" time="0.002" classname="com.framework.tests.TestNgSequence3"/>
  <testcase name="testCase1" time="0.004" classname="com.framework.tests.TestNgSequence"/>
  <testcase name="testCase3" time="0.001" classname="com.framework.tests.TestNgSequence"/>
  <testcase name="testCase3" time="0.001" classname="com.framework.tests.TestNgSequence2"/>
</testsuite> <!-- Random Test -->
